Great!!
Hello.Go..
0
connnect  yanchi_run  success
connnect  drink  success
init Task success
Great!!
Hello.Go..
0
connnect  yanchi_run  success
connnect  drink  success
init Task success
2021/12/28 00:30:00 Refreshing table tsw_sfrbmx  successfully...
2021/12/28 00:31:00 insert into table tws_yckcrje 171  rows successfully...
2021/12/28 00:31:00 Refreshing table tws_yckcrje  successfully...
2021/12/28 00:32:00 insert into table tsw_wxjfrhz 9  rows successfully...
2021/12/28 00:32:00 Refreshing table tsw_wxjfrhz  successfully...
2021/12/29 00:30:02 Refreshing table tsw_sfrbmx  successfully...
2021/12/29 00:31:00 insert into table tws_yckcrje 126  rows successfully...
2021/12/29 00:31:00 Refreshing table tws_yckcrje  successfully...
2021/12/29 00:32:00 insert into table tsw_wxjfrhz 8  rows successfully...
2021/12/29 00:32:00 Refreshing table tsw_wxjfrhz  successfully...
2021/12/30 00:30:00 Refreshing table tsw_sfrbmx  successfully...
2021/12/30 00:31:00 insert into table tws_yckcrje 152  rows successfully...
2021/12/30 00:31:00 Refreshing table tws_yckcrje  successfully...
2021/12/30 00:32:00 insert into table tsw_wxjfrhz 8  rows successfully...
2021/12/30 00:32:00 Refreshing table tsw_wxjfrhz  successfully...
2021/12/31 00:30:00 Refreshing table tsw_sfrbmx  successfully...
2021/12/31 00:31:00 insert into table tws_yckcrje 106  rows successfully...
2021/12/31 00:31:00 Refreshing table tws_yckcrje  successfully...
2021/12/31 00:32:00 insert into table tsw_wxjfrhz 9  rows successfully...
2021/12/31 00:32:00 Refreshing table tsw_wxjfrhz  successfully...
2022/01/05 00:07:37 insert into table tsw_wxjfrhz 9  rows successfully...
2022/01/05 00:07:37 Refreshing table tsw_wxjfrhz  successfully...
2022/01/05 00:07:40 insert into table tws_yckcrje 86  rows successfully...
2022/01/05 00:07:40 Refreshing table tws_yckcrje  successfully...
2022/01/05 00:07:40 insert into table tsw_sfrbmx 270  rows successfully...
2022/01/05 00:07:40 Refreshing table tsw_sfrbmx  successfully...
2022/01/05 00:30:00 insert into table tsw_sfrbmx 270  rows successfully...
2022/01/05 00:30:00 Refreshing table tsw_sfrbmx  successfully...
2022/01/05 00:31:00 insert into table tws_yckcrje 86  rows successfully...
2022/01/05 00:31:00 Refreshing table tws_yckcrje  successfully...
2022/01/05 00:32:00 insert into table tsw_wxjfrhz 9  rows successfully...
2022/01/05 00:32:00 Refreshing table tsw_wxjfrhz  successfully...
2022/01/06 00:30:01 insert into table tsw_sfrbmx 3000  rows successfully...
2022/01/06 00:30:01 insert into table tsw_sfrbmx 1793  rows successfully...
2022/01/06 00:30:01 Refreshing table tsw_sfrbmx  successfully...
2022/01/06 00:31:01 insert into table tws_yckcrje 730  rows successfully...
2022/01/06 00:31:01 Refreshing table tws_yckcrje  successfully...
2022/01/06 00:32:00 insert into table tsw_wxjfrhz 9  rows successfully...
2022/01/06 00:32:00 Refreshing table tsw_wxjfrhz  successfully...
